{"uuid":"ebff6264-5ffe-4fae-ae30-62a0a72bd105","historyId":"c25ec99c4a6d4403e3f97101ffb2f863","statusDetails":{},"stage":"pending","steps":[{"status":"failed","statusDetails":{"message":"AssertionError [ERR_ASSERTION]: Expected values to be strictly equal:","trace":"AssertionError [ERR_ASSERTION]: Expected values to be strictly equal:\n+ actual - expected\n\n+ ''\n- 'PASS | Log in'\n    + expected - actual\n\n    +PASS | Log in\n\n    at World.<anonymous> (file:///C:/Users/tuboo/Documents/elt-test/test/features/step-definitions/demo.ts:7:12)\n    at processTicksAndRejections (node:internal/process/task_queues:95:5)\n    at async wrapPromiseWithTimeout (C:\\Users\\tuboo\\Documents\\elt-test\\node_modules\\@cucumber\\cucumber\\src\\time.ts:55:10)\n    at async Object.run (C:\\Users\\tuboo\\Documents\\elt-test\\node_modules\\@cucumber\\cucumber\\src\\user_code_runner.ts:86:16)\n    at async Object.run (C:\\Users\\tuboo\\Documents\\elt-test\\node_modules\\@cucumber\\cucumber\\src\\runtime\\step_runner.ts:50:20)\n    at async TestCaseRunner.invokeStep (C:\\Users\\tuboo\\Documents\\elt-test\\node_modules\\@cucumber\\cucumber\\src\\runtime\\test_case_runner.ts:137:12)\n    at async TestCaseRunner.runStep (C:\\Users\\tuboo\\Documents\\elt-test\\node_modules\\@cucumber\\cucumber\\src\\runtime\\test_case_runner.ts:334:20)\n    at async C:\\Users\\tuboo\\Documents\\elt-test\\node_modules\\@cucumber\\cucumber\\src\\runtime\\test_case_runner.ts:240:34\n    at async TestCaseRunner.aroundTestStep (C:\\Users\\tuboo\\Documents\\elt-test\\node_modules\\@cucumber\\cucumber\\src\\runtime\\test_case_runner.ts:170:28)\n    at async TestCaseRunner.runAttempt (C:\\Users\\tuboo\\Documents\\elt-test\\node_modules\\@cucumber\\cucumber\\src\\runtime\\test_case_runner.ts:218:7)\n    at async TestCaseRunner.run (C:\\Users\\tuboo\\Documents\\elt-test\\node_modules\\@cucumber\\cucumber\\src\\runtime\\test_case_runner.ts:188:29)\n    at async Runtime.runTestCase (C:\\Users\\tuboo\\Documents\\elt-test\\node_modules\\@cucumber\\cucumber\\src\\runtime\\index.ts:89:20)\n    at async Runtime.start (C:\\Users\\tuboo\\Documents\\elt-test\\node_modules\\@cucumber\\cucumber\\src\\runtime\\index.ts:116:7)\n    at async runCucumber (C:\\Users\\tuboo\\Documents\\elt-test\\node_modules\\@cucumber\\cucumber\\src\\api\\run_cucumber.ts:125:19)\n    at async CucumberAdapter.run (file:///C:/Users/tuboo/Documents/elt-test/node_modules/@wdio/cucumber-framework/build/index.js:188:33)\n    at async Runner.run (file:///C:/Users/tuboo/Documents/elt-test/node_modules/@wdio/runner/build/index.js:154:24)"},"stage":"finished","steps":[{"status":"passed","statusDetails":{},"stage":"finished","steps":[],"attachments":[{"name":"Request","type":"text/plain","source":"043c7ca1-5dbf-4c5e-980e-ffe2010f2d61-attachment.txt"},{"name":"Response","type":"application/json","source":"e50c37d9-53de-400f-b6a7-72139cb97bbe-attachment.json"}],"parameters":[],"start":1706135881051,"name":"POST /session/:sessionId/url","stop":1706135881070}],"attachments":[],"parameters":[],"start":1706135881049,"name":"Given A care manager navigates to Login page","stop":1706135881094}],"attachments":[],"parameters":[{"name":"browser","value":"chrome-120.0.6099.225"}],"labels":[{"name":"language","value":"javascript"},{"name":"framework","value":"wdio"},{"name":"package","value":"C:.Users.tuboo.Documents.elt-test.test.features.demo.demo.feature"},{"name":"thread","value":"0-0"},{"name":"suite","value":"Test Creating A Care Reciever Profile: Add A New Care Reciever"},{"name":"feature","value":"Test Creating A Care Reciever Profile: Add A New Care Reciever"}],"links":[],"start":1706135881046,"name":"Given A care manager navigates to Login page","testCaseId":"c25ec99c4a6d4403e3f97101ffb2f863","stop":1706135881099}